<?xml version="1.0" encoding="UTF-8"?>
<!-- Generated by org.testng.reporters.JUnitReportReporter -->
<testsuite hostname="Pavans-MBP" failures="0" tests="1" name="com.zoho.tests.LoginTest" time="8.380" errors="0" timestamp="2022-04-15T10:36:56 IST" skipped="0">
  <testcase classname="com.zoho.tests.LoginTest" name="loginTest" time="8.380"/>
  <system-out/>
</testsuite> <!-- com.zoho.tests.LoginTest -->
